  Building Custom Rule C:/GitWorkspace/CSC472/atlas/CMakeLists.txt
  CMake does not need to re-run because C:\GitWorkspace\CSC472\build\atlas\CMakeFiles\generate.stamp is up-to-date.
  Log.cpp
  ErrorCheck.cpp
  Shader.cpp
c:\gitworkspace\csc472\atlas\source\atlas\gl\shader.cpp(440): warning C4018: '<': signed/unsigned mismatch
c:\gitworkspace\csc472\atlas\source\atlas\gl\shader.cpp(502): warning C4018: '<': signed/unsigned mismatch
  Buffer.cpp
  VertexArrayObject.cpp
  Texture.cpp
  Mesh.cpp
  Application.cpp
  Camera.cpp
  Geometry.cpp
  Scene.cpp
  FPSCounter.cpp
  GUI.cpp
  BBox.cpp
  ModellingScene.cpp
  MayaCamera.cpp
  Grid.cpp
  Generating Code...
  atlas.vcxproj -> C:\GitWorkspace\CSC472\build\atlas\Debug\atlas.lib
