  Checking Build System
  CMake does not need to re-run because C:/Users/lynx/GitWorkspace/CSC472/build/CMakeFiles/generate.stamp is up-to-date.
  CMake does not need to re-run because C:/Users/lynx/GitWorkspace/CSC472/build/atlas/CMakeFiles/generate.stamp is up-to-date.
  CMake does not need to re-run because C:/Users/lynx/GitWorkspace/CSC472/build/atlas/external/glfw/CMakeFiles/generate.stamp is up-to-date.
  CMake does not need to re-run because C:/Users/lynx/GitWorkspace/CSC472/build/atlas/external/glfw/src/CMakeFiles/generate.stamp is up-to-date.
  CMake does not need to re-run because C:/Users/lynx/GitWorkspace/CSC472/build/atlas/external/glfw/examples/CMakeFiles/generate.stamp is up-to-date.
  CMake does not need to re-run because C:/Users/lynx/GitWorkspace/CSC472/build/atlas/external/glfw/tests/CMakeFiles/generate.stamp is up-to-date.
  CMake does not need to re-run because C:/Users/lynx/GitWorkspace/CSC472/build/atlas/external/imgui/CMakeFiles/generate.stamp is up-to-date.
  CMake does not need to re-run because C:/Users/lynx/GitWorkspace/CSC472/build/atlas/external/gl3w/CMakeFiles/generate.stamp is up-to-date.
  CMake does not need to re-run because C:/Users/lynx/GitWorkspace/CSC472/build/atlas/external/stb/CMakeFiles/generate.stamp is up-to-date.
  CMake does not need to re-run because C:/Users/lynx/GitWorkspace/CSC472/build/atlas/external/tinyobjloader/CMakeFiles/generate.stamp is up-to-date.
  CMake does not need to re-run because C:/Users/lynx/GitWorkspace/CSC472/build/atlas/include/atlas/CMakeFiles/generate.stamp is up-to-date.
  CMake does not need to re-run because C:/Users/lynx/GitWorkspace/CSC472/build/atlas/include/atlas/core/CMakeFiles/generate.stamp is up-to-date.
  CMake does not need to re-run because C:/Users/lynx/GitWorkspace/CSC472/build/atlas/include/atlas/gl/CMakeFiles/generate.stamp is up-to-date.
  CMake does not need to re-run because C:/Users/lynx/GitWorkspace/CSC472/build/atlas/include/atlas/math/CMakeFiles/generate.stamp is up-to-date.
  CMake does not need to re-run because C:/Users/lynx/GitWorkspace/CSC472/build/atlas/include/atlas/utils/CMakeFiles/generate.stamp is up-to-date.
  CMake does not need to re-run because C:/Users/lynx/GitWorkspace/CSC472/build/atlas/include/atlas/tools/CMakeFiles/generate.stamp is up-to-date.
  CMake does not need to re-run because C:/Users/lynx/GitWorkspace/CSC472/build/atlas/source/atlas/CMakeFiles/generate.stamp is up-to-date.
  CMake does not need to re-run because C:/Users/lynx/GitWorkspace/CSC472/build/atlas/source/atlas/core/CMakeFiles/generate.stamp is up-to-date.
  CMake does not need to re-run because C:/Users/lynx/GitWorkspace/CSC472/build/atlas/source/atlas/gl/CMakeFiles/generate.stamp is up-to-date.
  CMake does not need to re-run because C:/Users/lynx/GitWorkspace/CSC472/build/atlas/source/atlas/utils/CMakeFiles/generate.stamp is up-to-date.
  CMake does not need to re-run because C:/Users/lynx/GitWorkspace/CSC472/build/atlas/source/atlas/tools/CMakeFiles/generate.stamp is up-to-date.
  CMake does not need to re-run because C:/Users/lynx/GitWorkspace/CSC472/build/assignment1/CMakeFiles/generate.stamp is up-to-date.
